mode: set
studygo/muke/slidewindow/lengthOfLongestSubstring/lengthOfLongestSubstring.go:3.45,6.17 3 1
studygo/muke/slidewindow/lengthOfLongestSubstring/lengthOfLongestSubstring.go:9.2,12.21 4 1
studygo/muke/slidewindow/lengthOfLongestSubstring/lengthOfLongestSubstring.go:30.2,30.12 1 1
studygo/muke/slidewindow/lengthOfLongestSubstring/lengthOfLongestSubstring.go:6.17,8.3 1 1
studygo/muke/slidewindow/lengthOfLongestSubstring/lengthOfLongestSubstring.go:12.21,18.21 4 1
studygo/muke/slidewindow/lengthOfLongestSubstring/lengthOfLongestSubstring.go:25.3,26.18 2 1
studygo/muke/slidewindow/lengthOfLongestSubstring/lengthOfLongestSubstring.go:18.21,23.4 3 1
studygo/muke/slidewindow/lengthOfLongestSubstring/lengthOfLongestSubstring.go:26.18,28.4 1 1
